<?xml version="1.0" encoding="UTF-8"?>
<!-- Generated by org.testng.reporters.JUnitReportReporter -->
<testsuite hostname="RAMBABU" failures="0" tests="3" name="tests.AccordionTest" time="11.181" errors="0" timestamp="2024-03-05T18:25:17 IST" skipped="0">
  <testcase classname="tests.AccordionTest" name="selectPlatformOption" time="3.636"/>
  <testcase classname="tests.AccordionTest" name="selectLanguageOption" time="3.628"/>
  <testcase classname="tests.AccordionTest" name="selectSeleniumGrid" time="3.917"/>
</testsuite> <!-- tests.AccordionTest -->
