<?xml version="1.0" encoding="UTF-8"?>
<!-- Generated by org.testng.reporters.JUnitReportReporter -->
<testsuite hostname="RAMBABU" failures="0" tests="4" name="tests.ActionsTest" time="26.231" errors="0" timestamp="2024-03-03T19:22:25 IST" skipped="0">
  <testcase classname="tests.ActionsTest" name="DragAndDrop" time="6.456"/>
  <testcase classname="tests.ActionsTest" name="HoldDown" time="6.647"/>
  <testcase classname="tests.ActionsTest" name="DoubleClick" time="6.486"/>
  <testcase classname="tests.ActionsTest" name="HoldShiftAndClick" time="6.642"/>
</testsuite> <!-- tests.ActionsTest -->
