<?xml version="1.0" encoding="UTF-8"?>
<!-- Generated by org.testng.reporters.JUnitReportReporter -->
<testsuite hostname="RAMBABU" failures="0" tests="4" name="tests.ButtonsPageTest" time="11.060" errors="0" timestamp="2024-03-05T18:25:17 IST" skipped="1">
  <testcase classname="tests.ButtonsPageTest" name="ClickButtonOne" time="3.620"/>
  <testcase classname="tests.ButtonsPageTest" name="ClickButtonThree" time="3.693"/>
  <testcase classname="tests.ButtonsPageTest" name="ClickButtonFour" time="3.747"/>
  <testcase classname="tests.ButtonsPageTest" name="ClickButtonTwo">
    <skipped/>
  </testcase> <!-- ClickButtonTwo -->
</testsuite> <!-- tests.ButtonsPageTest -->
