<?xml version="1.0" encoding="UTF-8"?>
<!-- Generated by org.testng.reporters.JUnitReportReporter -->
<testsuite hostname="RAMBABU" failures="0" tests="1" name="tests.BrowserTabsTest" time="8.708" errors="0" timestamp="2024-03-03T19:22:25 IST" skipped="0">
  <testcase classname="tests.BrowserTabsTest" name="newBrowserTab" time="8.708"/>
</testsuite> <!-- tests.BrowserTabsTest -->
