<?xml version="1.0" encoding="UTF-8"?>
<!-- Generated by org.testng.reporters.JUnitReportReporter -->
<testsuite hostname="RAMBABU" failures="0" tests="1" name="tests.MenuButtonClickTest" time="5.132" errors="0" timestamp="2024-03-03T19:22:25 IST" skipped="0">
  <testcase classname="tests.MenuButtonClickTest" name="clickOnMenuButton" time="5.132"/>
</testsuite> <!-- tests.MenuButtonClickTest -->
