<?xml version="1.0" encoding="UTF-8"?>
<!-- Generated by org.testng.reporters.JUnitReportReporter -->
<testsuite hostname="RAMBABU" failures="0" tests="1" name="tests.ContactFormPageTest" time="6.608" errors="0" timestamp="2024-03-05T19:04:46 IST" skipped="0">
  <testcase classname="tests.ContactFormPageTest" name="sendDataToContactForm" time="6.608"/>
</testsuite> <!-- tests.ContactFormPageTest -->
