<?xml version="1.0" encoding="UTF-8"?>
<!-- Generated by org.testng.reporters.JUnitReportReporter -->
<testsuite hostname="RAMBABU" failures="0" tests="1" name="tests.HomePageTest" time="6.873" errors="0" timestamp="2024-03-03T22:13:45 IST" skipped="0">
  <testcase classname="tests.HomePageTest" name="clickOnHomePage" time="6.873"/>
</testsuite> <!-- tests.HomePageTest -->
