<?xml version="1.0" encoding="UTF-8"?>
<!-- Generated by org.testng.reporters.JUnitReportReporter -->
<testsuite hostname="RAMBABU" failures="0" tests="1" name="tests.MenuButtonClickTest" time="2.885" errors="0" timestamp="2024-03-05T18:25:17 IST" skipped="0">
  <testcase classname="tests.MenuButtonClickTest" name="clickOnMenuButton" time="2.885"/>
</testsuite> <!-- tests.MenuButtonClickTest -->
