<?xml version="1.0" encoding="UTF-8"?>
<!-- Generated by org.testng.reporters.JUnitReportReporter -->
<testsuite hostname="RAMBABU" failures="0" tests="3" name="tests.AccordionTest" time="18.870" errors="0" timestamp="2024-03-03T19:22:25 IST" skipped="0">
  <testcase classname="tests.AccordionTest" name="selectPlatformOption" time="6.521"/>
  <testcase classname="tests.AccordionTest" name="selectLanguageOption" time="6.447"/>
  <testcase classname="tests.AccordionTest" name="selectSeleniumGrid" time="5.902"/>
</testsuite> <!-- tests.AccordionTest -->
