<?xml version="1.0" encoding="UTF-8"?>
<!-- Generated by org.testng.reporters.JUnitReportReporter -->
<testsuite hostname="RAMBABU" failures="0" tests="4" name="tests.ActionsTest" time="16.070" errors="0" timestamp="2024-03-05T18:25:17 IST" skipped="0">
  <testcase classname="tests.ActionsTest" name="DragAndDrop" time="4.126"/>
  <testcase classname="tests.ActionsTest" name="HoldDown" time="3.908"/>
  <testcase classname="tests.ActionsTest" name="DoubleClick" time="4.078"/>
  <testcase classname="tests.ActionsTest" name="HoldShiftAndClick" time="3.958"/>
</testsuite> <!-- tests.ActionsTest -->
