<?xml version="1.0" encoding="UTF-8"?>
<!-- Generated by org.testng.reporters.JUnitReportReporter -->
<testsuite hostname="RAMBABU" failures="0" tests="4" name="tests.ButtonsPageTest" time="18.323" errors="0" timestamp="2024-03-03T19:22:25 IST" skipped="1">
  <testcase classname="tests.ButtonsPageTest" name="ClickButtonOne" time="6.007"/>
  <testcase classname="tests.ButtonsPageTest" name="ClickButtonThree" time="6.583"/>
  <testcase classname="tests.ButtonsPageTest" name="ClickButtonFour" time="5.733"/>
  <testcase classname="tests.ButtonsPageTest" name="ClickButtonTwo">
    <skipped/>
  </testcase> <!-- ClickButtonTwo -->
</testsuite> <!-- tests.ButtonsPageTest -->
